{"/home/johnlambert/Desktop/hoop-quest/server/src/app.ts": {"path":"/home/johnlambert/Desktop/hoop-quest/server/src/app.ts","statementMap":{"0":{"start":{"line":1,"column":0},"end":{"line":1,"column":31}},"1":{"start":{"line":2,"column":0},"end":{"line":2,"column":80}},"2":{"start":{"line":3,"column":0},"end":{"line":3,"column":28}},"3":{"start":{"line":4,"column":0},"end":{"line":4,"column":66}},"4":{"start":{"line":5,"column":0},"end":{"line":5,"column":41}},"5":{"start":{"line":6,"column":0},"end":{"line":6,"column":28}},"6":{"start":{"line":7,"column":0},"end":{"line":7,"column":41}},"7":{"start":{"line":8,"column":0},"end":{"line":8,"column":37}},"8":{"start":{"line":10,"column":0},"end":{"line":10,"column":17}},"9":{"start":{"line":21,"column":0},"end":{"line":21,"column":16}},"10":{"start":{"line":23,"column":25},"end":{"line":23,"column":34}},"11":{"start":{"line":25,"column":0},"end":{"line":27,"column":1}},"12":{"start":{"line":26,"column":2},"end":{"line":26,"column":25}},"13":{"start":{"line":29,"column":0},"end":{"line":29,"column":24}},"14":{"start":{"line":30,"column":0},"end":{"line":30,"column":48}},"15":{"start":{"line":31,"column":0},"end":{"line":31,"column":24}},"16":{"start":{"line":35,"column":0},"end":{"line":35,"column":12}},"17":{"start":{"line":37,"column":0},"end":{"line":37,"column":33}},"18":{"start":{"line":39,"column":0},"end":{"line":46,"column":3}},"19":{"start":{"line":40,"column":2},"end":{"line":44,"column":5}},"20":{"start":{"line":45,"column":2},"end":{"line":45,"column":39}},"21":{"start":{"line":48,"column":0},"end":{"line":48,"column":19}}},"fnMap":{"0":{"name":"(anonymous_1)","decl":{"start":{"line":39,"column":13},"end":{"line":39,"column":14}},"loc":{"start":{"line":39,"column":65},"end":{"line":46,"column":1}}}},"branchMap":{"0":{"loc":{"start":{"line":25,"column":0},"end":{"line":27,"column":1}},"type":"if","locations":[{"start":{"line":25,"column":0},"end":{"line":27,"column":1}}]}},"s":{"0":1,"1":1,"2":1,"3":1,"4":1,"5":1,"6":1,"7":1,"8":1,"9":1,"10":1,"11":1,"12":0,"13":1,"14":1,"15":1,"16":1,"17":1,"18":1,"19":0,"20":0,"21":1},"f":{"0":0},"b":{"0":[0]}}
,"/home/johnlambert/Desktop/hoop-quest/server/src/middlewares/errorHandling.ts": {"path":"/home/johnlambert/Desktop/hoop-quest/server/src/middlewares/errorHandling.ts","statementMap":{"0":{"start":{"line":4,"column":32},"end":{"line":41,"column":1}},"1":{"start":{"line":10,"column":22},"end":{"line":10,"column":77}},"2":{"start":{"line":12,"column":2},"end":{"line":12,"column":45}},"3":{"start":{"line":13,"column":2},"end":{"line":13,"column":41}},"4":{"start":{"line":15,"column":2},"end":{"line":40,"column":3}},"5":{"start":{"line":16,"column":18},"end":{"line":16,"column":48}},"6":{"start":{"line":18,"column":4},"end":{"line":29,"column":5}},"7":{"start":{"line":19,"column":6},"end":{"line":22,"column":9}},"8":{"start":{"line":24,"column":6},"end":{"line":28,"column":9}},"9":{"start":{"line":30,"column":9},"end":{"line":40,"column":3}},"10":{"start":{"line":31,"column":4},"end":{"line":34,"column":7}},"11":{"start":{"line":36,"column":4},"end":{"line":39,"column":7}},"12":{"start":{"line":43,"column":0},"end":{"line":43,"column":39}},"13":{"start":{"line":50,"column":85},"end":{"line":50,"column":38897}},"14":{"start":{"line":50,"column":89},"end":{"line":50,"column":38886}},"15":{"start":{"line":50,"column":39012},"end":{"line":50,"column":39018}},"16":{"start":{"line":50,"column":39133},"end":{"line":50,"column":39139}},"17":{"start":{"line":50,"column":39258},"end":{"line":50,"column":39264}},"18":{"start":{"line":50,"column":39408},"end":{"line":50,"column":39414}}},"fnMap":{"0":{"name":"(anonymous_0)","decl":{"start":{"line":4,"column":32},"end":{"line":4,"column":null}},"loc":{"start":{"line":9,"column":4},"end":{"line":41,"column":1}}},"1":{"name":"oo_cm","decl":{"start":{"line":50,"column":77},"end":{"line":50,"column":82}},"loc":{"start":{"line":50,"column":82},"end":{"line":50,"column":38898}}}},"branchMap":{"0":{"loc":{"start":{"line":12,"column":21},"end":{"line":12,"column":44}},"type":"binary-expr","locations":[{"start":{"line":12,"column":21},"end":{"line":12,"column":37}},{"start":{"line":12,"column":41},"end":{"line":12,"column":44}}]},"1":{"loc":{"start":{"line":13,"column":17},"end":{"line":13,"column":40}},"type":"binary-expr","locations":[{"start":{"line":13,"column":17},"end":{"line":13,"column":29}},{"start":{"line":13,"column":33},"end":{"line":13,"column":40}}]},"2":{"loc":{"start":{"line":15,"column":2},"end":{"line":40,"column":3}},"type":"if","locations":[{"start":{"line":15,"column":2},"end":{"line":40,"column":3}},{"start":{"line":30,"column":9},"end":{"line":40,"column":3}}]},"3":{"loc":{"start":{"line":18,"column":4},"end":{"line":29,"column":5}},"type":"if","locations":[{"start":{"line":18,"column":4},"end":{"line":29,"column":5}},{"start":{"line":23,"column":11},"end":{"line":29,"column":5}}]},"4":{"loc":{"start":{"line":30,"column":9},"end":{"line":40,"column":3}},"type":"if","locations":[{"start":{"line":30,"column":9},"end":{"line":40,"column":3}},{"start":{"line":35,"column":9},"end":{"line":40,"column":3}}]},"5":{"loc":{"start":{"line":50,"column":96},"end":{"line":50,"column":38885}},"type":"binary-expr","locations":[{"start":{"line":50,"column":96},"end":{"line":50,"column":133}},{"start":{"line":50,"column":137},"end":{"line":50,"column":38885}}]}},"s":{"0":1,"1":0,"2":0,"3":0,"4":0,"5":0,"6":0,"7":0,"8":0,"9":0,"10":0,"11":0,"12":1,"13":0,"14":0,"15":1,"16":1,"17":1,"18":1},"f":{"0":0,"1":0},"b":{"0":[0,0],"1":[0,0],"2":[0,0],"3":[0,0],"4":[0,0],"5":[0,0]}}
,"/home/johnlambert/Desktop/hoop-quest/server/src/modules/route.ts": {"path":"/home/johnlambert/Desktop/hoop-quest/server/src/modules/route.ts","statementMap":{"0":{"start":{"line":2,"column":0},"end":{"line":2,"column":56}},"1":{"start":{"line":3,"column":0},"end":{"line":3,"column":46}},"2":{"start":{"line":5,"column":27},"end":{"line":5,"column":36}},"3":{"start":{"line":7,"column":15},"end":{"line":10,"column":1}},"4":{"start":{"line":8,"column":2},"end":{"line":8,"column":57}},"5":{"start":{"line":9,"column":2},"end":{"line":9,"column":41}},"6":{"start":{"line":12,"column":0},"end":{"line":12,"column":22}}},"fnMap":{"0":{"name":"(anonymous_0)","decl":{"start":{"line":7,"column":15},"end":{"line":7,"column":20}},"loc":{"start":{"line":7,"column":42},"end":{"line":10,"column":1}}}},"branchMap":{},"s":{"0":1,"1":1,"2":1,"3":1,"4":1,"5":1,"6":1},"f":{"0":1},"b":{}}
,"/home/johnlambert/Desktop/hoop-quest/server/src/modules/home/home.route.ts": {"path":"/home/johnlambert/Desktop/hoop-quest/server/src/modules/home/home.route.ts","statementMap":{"0":{"start":{"line":2,"column":0},"end":{"line":2,"column":57}},"1":{"start":{"line":3,"column":0},"end":{"line":3,"column":53}},"2":{"start":{"line":5,"column":15},"end":{"line":5,"column":31}},"3":{"start":{"line":7,"column":0},"end":{"line":19,"column":3}},"4":{"start":{"line":8,"column":18},"end":{"line":8,"column":49}},"5":{"start":{"line":10,"column":2},"end":{"line":18,"column":4}},"6":{"start":{"line":21,"column":13},"end":{"line":21,"column":32}}},"fnMap":{"0":{"name":"(anonymous_1)","decl":{"start":{"line":7,"column":16},"end":{"line":7,"column":17}},"loc":{"start":{"line":7,"column":65},"end":{"line":19,"column":1}}}},"branchMap":{},"s":{"0":1,"1":1,"2":1,"3":1,"4":1,"5":1,"6":1},"f":{"0":1},"b":{}}
,"/home/johnlambert/Desktop/hoop-quest/server/src/modules/students/student.controller.ts": {"path":"/home/johnlambert/Desktop/hoop-quest/server/src/modules/students/student.controller.ts","statementMap":{"0":{"start":{"line":2,"column":0},"end":{"line":2,"column":47}},"1":{"start":{"line":7,"column":20},"end":{"line":7,"column":61}},"2":{"start":{"line":9,"column":4},"end":{"line":13,"column":7}},"3":{"start":{"line":23,"column":0},"end":{"line":23,"column":33}}},"fnMap":{"0":{"name":"(anonymous_1)","decl":{"start":{"line":6,"column":2},"end":{"line":6,"column":8}},"loc":{"start":{"line":6,"column":53},"end":{"line":20,"column":3}}}},"branchMap":{},"s":{"0":1,"1":0,"2":0,"3":1},"f":{"0":0},"b":{}}
,"/home/johnlambert/Desktop/hoop-quest/server/src/modules/students/student.model.ts": {"path":"/home/johnlambert/Desktop/hoop-quest/server/src/modules/students/student.model.ts","statementMap":{"0":{"start":{"line":1,"column":0},"end":{"line":1,"column":51}},"1":{"start":{"line":22,"column":22},"end":{"line":33,"column":2}},"2":{"start":{"line":35,"column":22},"end":{"line":93,"column":2}},"3":{"start":{"line":95,"column":21},"end":{"line":95,"column":79}},"4":{"start":{"line":97,"column":0},"end":{"line":97,"column":28}}},"fnMap":{},"branchMap":{},"s":{"0":1,"1":1,"2":1,"3":1,"4":1},"f":{},"b":{}}
,"/home/johnlambert/Desktop/hoop-quest/server/src/modules/students/student.route.ts": {"path":"/home/johnlambert/Desktop/hoop-quest/server/src/modules/students/student.route.ts","statementMap":{"0":{"start":{"line":1,"column":0},"end":{"line":1,"column":52}},"1":{"start":{"line":2,"column":0},"end":{"line":2,"column":53}},"2":{"start":{"line":4,"column":15},"end":{"line":4,"column":23}},"3":{"start":{"line":6,"column":0},"end":{"line":6,"column":58}},"4":{"start":{"line":8,"column":0},"end":{"line":13,"column":3}},"5":{"start":{"line":9,"column":22},"end":{"line":9,"column":76}},"6":{"start":{"line":10,"column":2},"end":{"line":12,"column":5}},"7":{"start":{"line":15,"column":13},"end":{"line":15,"column":35}},"8":{"start":{"line":22,"column":85},"end":{"line":22,"column":38897}},"9":{"start":{"line":22,"column":89},"end":{"line":22,"column":38886}},"10":{"start":{"line":22,"column":39012},"end":{"line":22,"column":39018}},"11":{"start":{"line":22,"column":39133},"end":{"line":22,"column":39139}},"12":{"start":{"line":22,"column":39258},"end":{"line":22,"column":39264}},"13":{"start":{"line":22,"column":39408},"end":{"line":22,"column":39414}}},"fnMap":{"0":{"name":"(anonymous_1)","decl":{"start":{"line":8,"column":19},"end":{"line":8,"column":20}},"loc":{"start":{"line":8,"column":51},"end":{"line":13,"column":1}}},"1":{"name":"oo_cm","decl":{"start":{"line":22,"column":77},"end":{"line":22,"column":82}},"loc":{"start":{"line":22,"column":82},"end":{"line":22,"column":38898}}}},"branchMap":{"0":{"loc":{"start":{"line":22,"column":96},"end":{"line":22,"column":38885}},"type":"binary-expr","locations":[{"start":{"line":22,"column":96},"end":{"line":22,"column":133}},{"start":{"line":22,"column":137},"end":{"line":22,"column":38885}}]}},"s":{"0":1,"1":1,"2":1,"3":1,"4":1,"5":0,"6":0,"7":1,"8":0,"9":0,"10":1,"11":1,"12":1,"13":1},"f":{"0":0,"1":0},"b":{"0":[0,0]}}
,"/home/johnlambert/Desktop/hoop-quest/server/src/modules/students/student.service.ts": {"path":"/home/johnlambert/Desktop/hoop-quest/server/src/modules/students/student.service.ts","statementMap":{"0":{"start":{"line":2,"column":0},"end":{"line":2,"column":43}},"1":{"start":{"line":7,"column":23},"end":{"line":7,"column":48}},"2":{"start":{"line":9,"column":4},"end":{"line":9,"column":35}},"3":{"start":{"line":13,"column":0},"end":{"line":13,"column":30}}},"fnMap":{"0":{"name":"(anonymous_1)","decl":{"start":{"line":6,"column":2},"end":{"line":6,"column":8}},"loc":{"start":{"line":6,"column":51},"end":{"line":10,"column":3}}}},"branchMap":{},"s":{"0":1,"1":0,"2":0,"3":1},"f":{"0":0},"b":{}}
,"/home/johnlambert/Desktop/hoop-quest/server/src/utils/app-error.ts": {"path":"/home/johnlambert/Desktop/hoop-quest/server/src/utils/app-error.ts","statementMap":{"0":{"start":{"line":10,"column":4},"end":{"line":10,"column":19}},"1":{"start":{"line":12,"column":4},"end":{"line":12,"column":33}},"2":{"start":{"line":13,"column":4},"end":{"line":13,"column":71}},"3":{"start":{"line":14,"column":4},"end":{"line":14,"column":30}},"4":{"start":{"line":16,"column":4},"end":{"line":16,"column":52}},"5":{"start":{"line":20,"column":0},"end":{"line":20,"column":24}}},"fnMap":{"0":{"name":"(anonymous_0)","decl":{"start":{"line":9,"column":2},"end":{"line":9,"column":14}},"loc":{"start":{"line":9,"column":58},"end":{"line":17,"column":3}}}},"branchMap":{"0":{"loc":{"start":{"line":13,"column":18},"end":{"line":13,"column":70}},"type":"cond-expr","locations":[{"start":{"line":13,"column":52},"end":{"line":13,"column":60}},{"start":{"line":13,"column":63},"end":{"line":13,"column":70}}]}},"s":{"0":0,"1":0,"2":0,"3":0,"4":0,"5":1},"f":{"0":0},"b":{"0":[0,0]}}
,"/home/johnlambert/Desktop/hoop-quest/server/src/utils/custom-response.ts": {"path":"/home/johnlambert/Desktop/hoop-quest/server/src/utils/custom-response.ts","statementMap":{"0":{"start":{"line":3,"column":23},"end":{"line":19,"column":1}},"1":{"start":{"line":11,"column":2},"end":{"line":18,"column":4}},"2":{"start":{"line":21,"column":0},"end":{"line":21,"column":30}}},"fnMap":{"0":{"name":"(anonymous_0)","decl":{"start":{"line":3,"column":23},"end":{"line":3,"column":27}},"loc":{"start":{"line":10,"column":19},"end":{"line":19,"column":1}}}},"branchMap":{},"s":{"0":1,"1":1,"2":1},"f":{"0":1},"b":{}}
}
